<?xml version="1.0" encoding="UTF-8"?>
<!-- Generated by org.testng.reporters.JUnitReportReporter -->
<testsuite name="selenium.WindowHandler" tests="1" time="32.820" ignored="0" failures="0" timestamp="12 Oct 2021 08:58:45 GMT" skipped="0" hostname="MSI" errors="0">
  <testcase name="test01" time="32.820" classname="selenium.WindowHandler"/>
</testsuite> <!-- selenium.WindowHandler -->
