<?xml version="1.0" encoding="UTF-8"?>
<!-- Generated by org.testng.reporters.JUnitReportReporter -->
<testsuite name="selenium.RobotClass" tests="1" time="23.121" ignored="0" failures="0" timestamp="13 Oct 2021 07:53:40 GMT" skipped="0" hostname="MSI" errors="0">
  <testcase name="test01" time="23.121" classname="selenium.RobotClass"/>
</testsuite> <!-- selenium.RobotClass -->
