<?xml version="1.0" encoding="UTF-8"?>
<!-- Generated by org.testng.reporters.JUnitReportReporter -->
<testsuite name="testng.SimpleTestCases" tests="1" time="10.673" ignored="8" failures="0" timestamp="01 Oct 2021 05:35:55 GMT" skipped="0" hostname="MSI" errors="0">
  <testcase name="checkLogo" time="10.673" classname="testng.SimpleTestCases"/>
  <testcase name="checkLogInTitle" classname="testng.SimpleTestCases">
    <skipped/>
  </testcase> <!-- checkLogInTitle -->
  <testcase name="checkTextOnLink2" classname="testng.SimpleTestCases">
    <skipped/>
  </testcase> <!-- checkTextOnLink2 -->
  <testcase name="checkTextOnLogIn" classname="testng.SimpleTestCases">
    <skipped/>
  </testcase> <!-- checkTextOnLogIn -->
  <testcase name="checkRegistrationLink" classname="testng.SimpleTestCases">
    <skipped/>
  </testcase> <!-- checkRegistrationLink -->
  <testcase name="signIn" classname="testng.SimpleTestCases">
    <skipped/>
  </testcase> <!-- signIn -->
  <testcase name="checkTextOnLink1" classname="testng.SimpleTestCases">
    <skipped/>
  </testcase> <!-- checkTextOnLink1 -->
  <testcase name="RegistrationPage" classname="testng.SimpleTestCases">
    <skipped/>
  </testcase> <!-- RegistrationPage -->
  <testcase name="checkErroMsg" classname="testng.SimpleTestCases">
    <skipped/>
  </testcase> <!-- checkErroMsg -->
</testsuite> <!-- testng.SimpleTestCases -->
