<?xml version="1.0" encoding="UTF-8"?>
<!-- Generated by org.testng.reporters.JUnitReportReporter -->
<testsuite name="task.RegistrationPage" tests="2" time="4.591" ignored="0" failures="0" timestamp="28 Sep 2021 05:49:31 GMT" skipped="0" hostname="MSI" errors="0">
  <testcase name="test03" time="2.053" classname="task.RegistrationPage"/>
  <testcase name="checkLogo" time="2.538" classname="task.RegistrationPage"/>
</testsuite> <!-- task.RegistrationPage -->
