<?xml version="1.0" encoding="UTF-8"?>
<!-- Generated by org.testng.reporters.JUnitReportReporter -->
<testsuite name="selenium.RedBus" tests="1" time="44.285" ignored="0" failures="0" timestamp="15 Nov 2021 05:07:51 GMT" skipped="0" hostname="MSI" errors="0">
  <testcase name="frameHandle" time="44.285" classname="selenium.RedBus"/>
</testsuite> <!-- selenium.RedBus -->
