<?xml version="1.0" encoding="UTF-8"?>
<!-- Generated by org.testng.reporters.JUnitReportReporter -->
<testsuite name="testng.DashboardPage" tests="9" time="23.181" ignored="0" failures="0" timestamp="21 Oct 2021 10:51:00 GMT" skipped="0" hostname="MSI" errors="0">
  <testcase name="checkRadioBtn_DrowpDown" time="1.844" classname="testng.DashboardPage"/>
  <testcase name="checkdeletUser2" time="3.498" classname="testng.DashboardPage"/>
  <testcase name="verifyCourseType" time="1.399" classname="testng.DashboardPage"/>
  <testcase name="checkFooterText" time="2.119" classname="testng.DashboardPage"/>
  <testcase name="userForm" time="4.212" classname="testng.DashboardPage"/>
  <testcase name="deletUser" time="3.502" classname="testng.DashboardPage"/>
  <testcase name="verifyCourses" time="1.402" classname="testng.DashboardPage"/>
  <testcase name="deletUser2" time="3.655" classname="testng.DashboardPage"/>
  <testcase name="openJBKSite" time="1.550" classname="testng.DashboardPage"/>
</testsuite> <!-- testng.DashboardPage -->
